<?xml version="1.0" encoding="UTF-8"?>
<coverage generated="1745933920315" clover="3.2.0">
  <project timestamp="1745933920315" name="All files">
    <metrics statements="11" coveredstatements="9" conditionals="2" coveredconditionals="1" methods="3" coveredmethods="2" elements="16" coveredelements="12" complexity="0" loc="11" ncloc="11" packages="1" files="1" classes="1"/>
    <file name="server.js" path="/home/pantelist/bpp/github-actions-ec2/simple-web-server/server.js">
      <metrics statements="11" coveredstatements="9" conditionals="2" coveredconditionals="1" methods="3" coveredmethods="2"/>
      <line num="1" count="2" type="stmt"/>
      <line num="2" count="2" type="stmt"/>
      <line num="3" count="2" type="stmt"/>
      <line num="5" count="2" type="stmt"/>
      <line num="6" count="2" type="stmt"/>
      <line num="86" count="2" type="stmt"/>
      <line num="87" count="1" type="stmt"/>
      <line num="94" count="2" type="cond" truecount="1" falsecount="1"/>
      <line num="95" count="0" type="stmt"/>
      <line num="96" count="0" type="stmt"/>
      <line num="100" count="2" type="stmt"/>
    </file>
  </project>
</coverage>
