{"/home/pantelist/bpp/github-actions-ec2/simple-web-server/server.js": {"path":"/home/pantelist/bpp/github-actions-ec2/simple-web-server/server.js","statementMap":{"0":{"start":{"line":1,"column":16},"end":{"line":1,"column":34}},"1":{"start":{"line":2,"column":12},"end":{"line":2,"column":21}},"2":{"start":{"line":3,"column":13},"end":{"line":3,"column":17}},"3":{"start":{"line":5,"column":0},"end":{"line":84,"column":3}},"4":{"start":{"line":6,"column":2},"end":{"line":83,"column":5}},"5":{"start":{"line":86,"column":0},"end":{"line":92,"column":3}},"6":{"start":{"line":87,"column":2},"end":{"line":91,"column":5}},"7":{"start":{"line":94,"column":0},"end":{"line":98,"column":1}},"8":{"start":{"line":95,"column":2},"end":{"line":97,"column":5}},"9":{"start":{"line":96,"column":4},"end":{"line":96,"column":60}},"10":{"start":{"line":100,"column":0},"end":{"line":100,"column":21}}},"fnMap":{"0":{"name":"(anonymous_0)","decl":{"start":{"line":5,"column":13},"end":{"line":5,"column":14}},"loc":{"start":{"line":5,"column":27},"end":{"line":84,"column":1}},"line":5},"1":{"name":"(anonymous_1)","decl":{"start":{"line":86,"column":17},"end":{"line":86,"column":18}},"loc":{"start":{"line":86,"column":31},"end":{"line":92,"column":1}},"line":86},"2":{"name":"(anonymous_2)","decl":{"start":{"line":95,"column":30},"end":{"line":95,"column":31}},"loc":{"start":{"line":95,"column":36},"end":{"line":97,"column":3}},"line":95}},"branchMap":{"0":{"loc":{"start":{"line":94,"column":0},"end":{"line":98,"column":1}},"type":"if","locations":[{"start":{"line":94,"column":0},"end":{"line":98,"column":1}},{"start":{},"end":{}}],"line":94}},"s":{"0":2,"1":2,"2":2,"3":2,"4":2,"5":2,"6":1,"7":2,"8":0,"9":0,"10":2},"f":{"0":2,"1":1,"2":0},"b":{"0":[0,2]},"_coverageSchema":"1a1c01bbd47fc00a2c39e90264f33305004495a9","hash":"ea81125be5eea534992c3c6399fb957df495ce8e"}
}
